TN:
SF:/Users/vipinessent/htdocs/vending-machine/src/mocks/product-data.mock.ts
FNF:0
FNH:0
DA:1,1
LF:1
LH:1
BRF:0
BRH:0
end_of_record
TN:
SF:/Users/vipinessent/htdocs/vending-machine/src/models/product.model.ts
FN:11,(anonymous_0)
FN:15,ProductModel
FN:24,(anonymous_2)
FN:25,(anonymous_3)
FNF:4
FNH:4
FNDA:1,(anonymous_0)
FNDA:6,ProductModel
FNDA:13,(anonymous_2)
FNDA:52,(anonymous_3)
DA:11,1
DA:16,6
DA:24,1
DA:25,52
DA:27,1
LF:5
LH:5
BRF:0
BRH:0
end_of_record
TN:
SF:/Users/vipinessent/htdocs/vending-machine/src/models/vending-machine.model.ts
FN:3,(anonymous_0)
FN:22,(anonymous_1)
FN:26,VendingMachineModel
FN:35,(anonymous_3)
FN:46,(anonymous_4)
FN:56,(anonymous_5)
FN:69,(anonymous_6)
FN:80,(anonymous_7)
FN:92,(anonymous_8)
FN:103,(anonymous_9)
FN:120,(anonymous_10)
FNF:11
FNH:11
FNDA:1,(anonymous_0)
FNDA:1,(anonymous_1)
FNDA:6,VendingMachineModel
FNDA:67,(anonymous_3)
FNDA:10,(anonymous_4)
FNDA:10,(anonymous_5)
FNDA:10,(anonymous_6)
FNDA:4,(anonymous_7)
FNDA:4,(anonymous_8)
FNDA:4,(anonymous_9)
FNDA:4,(anonymous_10)
DA:3,1
DA:4,1
DA:5,1
DA:6,1
DA:7,1
DA:8,1
DA:9,1
DA:22,1
DA:27,6
DA:35,1
DA:36,67
DA:46,1
DA:47,10
DA:56,1
DA:57,10
DA:58,4
DA:59,4
DA:60,4
DA:69,1
DA:70,10
DA:80,1
DA:82,4
DA:84,4
DA:92,1
DA:93,4
DA:103,1
DA:104,4
DA:108,4
DA:111,4
DA:120,1
DA:121,4
DA:122,3
DA:126,3
DA:129,3
DA:131,1
DA:134,1
LF:36
LH:36
BRDA:3,0,0,1
BRDA:3,0,1,1
BRDA:57,1,0,4
BRDA:57,1,1,6
BRDA:70,2,0,10
BRDA:70,2,1,5
BRDA:121,3,0,3
BRDA:121,3,1,1
BRF:8
BRH:8
end_of_record
TN:
SF:/Users/vipinessent/htdocs/vending-machine/src/services/vending-machine.service.ts
FN:21,(anonymous_0)
FN:26,VendingMachineService
FN:36,(anonymous_2)
FN:50,(anonymous_3)
FN:61,(anonymous_4)
FN:74,(anonymous_5)
FN:90,(anonymous_6)
FN:91,(anonymous_7)
FNF:8
FNH:8
FNDA:1,(anonymous_0)
FNDA:6,VendingMachineService
FNDA:14,(anonymous_2)
FNDA:13,(anonymous_3)
FNDA:7,(anonymous_4)
FNDA:5,(anonymous_5)
FNDA:12,(anonymous_6)
FNDA:17,(anonymous_7)
DA:2,1
DA:3,1
DA:6,1
DA:21,1
DA:27,6
DA:28,6
DA:36,1
DA:37,14
DA:50,1
DA:51,13
DA:61,1
DA:62,7
DA:63,6
DA:64,6
DA:74,1
DA:75,5
DA:76,4
DA:77,4
DA:78,4
DA:80,1
DA:90,1
DA:91,17
DA:93,1
LF:23
LH:23
BRDA:62,0,0,1
BRDA:62,0,1,6
BRDA:75,1,0,4
BRDA:75,1,1,1
BRF:4
BRH:4
end_of_record
