TN:
SF:/Users/vipinessent/htdocs/vending-machine/src/mocks/product-data.mock.ts
FNF:0
FNH:0
DA:1,1
LF:1
LH:1
BRF:0
BRH:0
end_of_record
TN:
SF:/Users/vipinessent/htdocs/vending-machine/src/models/product.model.ts
FN:15,(anonymous_0)
FN:24,(anonymous_1)
FN:25,(anonymous_2)
FNF:3
FNH:3
FNDA:6,(anonymous_0)
FNDA:13,(anonymous_1)
FNDA:52,(anonymous_2)
DA:11,1
DA:16,6
DA:25,52
LF:3
LH:3
BRF:0
BRH:0
end_of_record
TN:
SF:/Users/vipinessent/htdocs/vending-machine/src/models/vending-machine.blockchain.model.ts
FN:12,(anonymous_0)
FNF:1
FNH:1
FNDA:6,(anonymous_0)
DA:7,1
DA:13,6
DA:14,6
LF:3
LH:3
BRF:0
BRH:0
end_of_record
TN:
SF:/Users/vipinessent/htdocs/vending-machine/src/models/vending-machine.model.ts
FN:4,(anonymous_0)
FN:28,(anonymous_1)
FN:148,(anonymous_2)
FN:165,(anonymous_3)
FN:51,(anonymous_4)
FN:62,(anonymous_5)
FN:98,(anonymous_6)
FN:109,(anonymous_7)
FN:124,(anonymous_8)
FN:137,(anonymous_9)
FNF:10
FNH:10
FNDA:1,(anonymous_0)
FNDA:6,(anonymous_1)
FNDA:4,(anonymous_2)
FNDA:4,(anonymous_3)
FNDA:6,(anonymous_4)
FNDA:4,(anonymous_5)
FNDA:10,(anonymous_6)
FNDA:4,(anonymous_7)
FNDA:10,(anonymous_8)
FNDA:4,(anonymous_9)
DA:2,1
DA:4,1
DA:5,1
DA:6,1
DA:7,1
DA:8,1
DA:9,1
DA:10,1
DA:23,1
DA:29,6
DA:30,6
DA:31,6
DA:52,6
DA:63,4
DA:64,4
DA:99,10
DA:111,4
DA:113,4
DA:125,10
DA:127,10
DA:128,6
DA:138,4
DA:148,6
DA:149,4
DA:153,4
DA:156,4
DA:165,6
DA:166,4
DA:167,3
DA:171,3
DA:174,3
DA:176,1
LF:32
LH:32
BRDA:4,0,0,1
BRDA:4,0,1,1
BRDA:166,1,0,3
BRDA:166,1,1,1
BRDA:31,2,0,6
BRDA:31,2,1,0
BRDA:31,2,2,0
BRDA:52,3,0,0
BRDA:52,3,1,6
BRDA:64,4,0,0
BRDA:64,4,1,4
BRDA:99,5,0,10
BRDA:99,5,1,5
BRDA:124,6,0,4
BRDA:124,7,0,4
BRDA:124,8,0,4
BRDA:127,9,0,6
BRDA:127,9,1,4
BRF:18
BRH:14
end_of_record
TN:
SF:/Users/vipinessent/htdocs/vending-machine/src/services/vending-machine.service.ts
FN:26,(anonymous_0)
FN:36,(anonymous_1)
FN:45,(anonymous_2)
FN:56,(anonymous_3)
FN:68,(anonymous_4)
FN:76,(anonymous_5)
FN:86,(anonymous_6)
FN:87,(anonymous_7)
FNF:8
FNH:8
FNDA:6,(anonymous_0)
FNDA:8,(anonymous_1)
FNDA:13,(anonymous_2)
FNDA:7,(anonymous_3)
FNDA:5,(anonymous_4)
FNDA:5,(anonymous_5)
FNDA:7,(anonymous_6)
FNDA:8,(anonymous_7)
DA:2,1
DA:3,1
DA:6,1
DA:21,1
DA:27,6
DA:28,6
DA:37,8
DA:46,13
DA:57,7
DA:58,6
DA:69,5
DA:70,4
DA:72,1
DA:77,5
DA:87,8
LF:15
LH:15
BRDA:26,0,0,0
BRDA:57,1,0,1
BRDA:57,1,1,6
BRDA:69,2,0,4
BRDA:69,2,1,1
BRDA:77,3,0,5
BRDA:77,3,1,4
BRF:7
BRH:6
end_of_record
